<?xml version="1.0" encoding="UTF-8"?>
<testng-results ignored="0" total="1" passed="1" failed="0" skipped="0">
  <reporter-output>
  </reporter-output>
  <suite started-at="2025-04-28T06:10:31 IST" name="Default suite" finished-at="2025-04-28T06:10:53 IST" duration-ms="21700">
    <groups>
    </groups>
    <test started-at="2025-04-28T06:10:31 IST" name="Default test" finished-at="2025-04-28T06:10:53 IST" duration-ms="21700">
      <class name="myAppTest.AppStatus">
        <test-method signature="LaunchApp()[pri:0, instance:myAppTest.AppStatus@229f66ed]" started-at="2025-04-28T06:10:31 IST" name="LaunchApp" finished-at="2025-04-28T06:10:53 IST" duration-ms="21656" status="PASS">
          <reporter-output>
          </reporter-output>
        </test-method> <!-- LaunchApp -->
      </class> <!-- myAppTest.AppStatus -->
    </test> <!-- Default test -->
  </suite> <!-- Default suite -->
</testng-results>
